SEQUENCE: G ENTROPY: -0.342688238501060912525080893929650564959805250276256261754265 ENERGY: 129.133926392
SEQUENCE: A ENTROPY: -0.32727101531150152069131428208298130948358246688374495448728 ENERGY: 347.46585083
SEQUENCE: U ENTROPY: -0.581179820610032306930906427503627650676188387264630760118422 ENERGY: 441.341094971
SEQUENCE: C ENTROPY: -0.583476180950075909550876132006433787465926746756595767533708 ENERGY: 2.8420715332
SEQUENCE: C G ENTROPY: -2.51981089798719805222786906223356825742592205202248043803856 ENERGY: -1457.30957031
SEQUENCE: G C ENTROPY: -1.63955318632588812436671238200334376037335684977365699261822 ENERGY: -1445.64013672
SEQUENCE: C A ENTROPY: -2.50843844716152473459510242193602106017576988480970044389439 ENERGY: -1243.90246582
SEQUENCE: A C ENTROPY: -1.83786800777558466810141601136724677288699914425899056444342 ENERGY: -1239.0958252
SEQUENCE: C U ENTROPY: -2.92807939698012091664431462919208287015894976166009367702005 ENERGY: -1171.91040039
SEQUENCE: U C ENTROPY: -2.2280451691291675554686745833572407600416130321039921621502 ENERGY: -1171.48120117
SEQUENCE: C C ENTROPY: -2.57346123995197413636983569320585700042391257658933096132474 ENERGY: -1576.86181641
SEQUENCE: C C ENTROPY: -2.07348102329611130272574748635569767453688754168561020100137 ENERGY: -1584.02978516
SEQUENCE: C U G ENTROPY: -2.68319552845066704964405976064614390451545073579645224182973 ENERGY: -2204.49804688
SEQUENCE: G C U ENTROPY: -1.25636379579196448420512949368154255085291896473966301664233 ENERGY: -2152.73779297
SEQUENCE: C U A ENTROPY: -2.47585176029961007282798298539145251768745511209426143929485 ENERGY: -1987.84741211
SEQUENCE: A C U ENTROPY: -1.75012663087593273272402052642935784114486210782733009129492 ENERGY: -1981.10046387
SEQUENCE: C U U ENTROPY: -2.61634704458814477216087722568662653626146325024895040630384 ENERGY: -1890.07177734
SEQUENCE: U C U ENTROPY: -2.18335585370926171461186024992611913197608246086548628945226 ENERGY: -1911.13684082
SEQUENCE: C U C ENTROPY: -2.50583066727825138644011442346595386573309875113678668574454 ENERGY: -2322.57299805
SEQUENCE: C C U ENTROPY: -2.29443736623178019820513894248113019052593945329199727200849 ENERGY: -2336.30322266
SEQUENCE: C U G G ENTROPY: -3.24314927228025911523328843253116771364580953479145832580858 ENERGY: -3207.15234375
SEQUENCE: G C U G ENTROPY: -2.35322408101648799741167366505460925007174663567272238204837 ENERGY: -3215.80615234
SEQUENCE: C U G A ENTROPY: -2.65463307079884266271804315991603526462628149206657088455129 ENERGY: -3011.37817383
SEQUENCE: A C U G ENTROPY: -2.37792093630979415516961179566669123658431072061342765491689 ENERGY: -3015.92114258
SEQUENCE: C U G U ENTROPY: -2.82076529243212499488383457982636390674545007812876505905003 ENERGY: -2917.59619141
SEQUENCE: U C U G ENTROPY: -1.89000933554337003824448014871052581358604171167002470874787 ENERGY: -2942.33081055
SEQUENCE: C U G C ENTROPY: -3.19112794092917328435237367509488952060133362915693385646365 ENERGY: -3332.84790039
SEQUENCE: C C U G ENTROPY: -2.64669732231181417965026662739525176324923852910823548258158 ENERGY: -3359.16308594
SEQUENCE: C U G G G ENTROPY: -2.49825855128098109552894607522858001291974689141411405554184 ENERGY: -4232.96191406
SEQUENCE: G C U G G ENTROPY: -1.8814766224176713158128988462452717246414893217341025074756 ENERGY: -4265.625
SEQUENCE: C U G G A ENTROPY: -3.06569131587260576633950791232096086689254101163146339834402 ENERGY: -4024.3762207
SEQUENCE: A C U G G ENTROPY: -1.30256419009075234243392853952606104405500415476700869457778 ENERGY: -4028.22900391
SEQUENCE: C U G G U ENTROPY: -3.14299169769227402907425703204404428211889565398790350365746 ENERGY: -3941.31542969
SEQUENCE: U C U G G ENTROPY: -2.09401659344503494258495257758780147687866557312698185771738 ENERGY: -3974.87573242
SEQUENCE: C U G G C ENTROPY: -2.84061011029597399727141214458127037749319535997968891194294 ENERGY: -4381.06542969
SEQUENCE: C C U G G ENTROPY: -1.94041483989642638210287513450108360875839848586829797658986 ENERGY: -4396.11132812
SEQUENCE: C U G G U G ENTROPY: -3.08526429112003321375814183737435240137080032110266370671626 ENERGY: -4995.33154297
SEQUENCE: G C U G G U ENTROPY: -2.77044484214416771385145694015744480037402563161614030868234 ENERGY: -5019.70410156
SEQUENCE: C U G G U A ENTROPY: -3.79000479269723815748198229325348261393586445371413659053089 ENERGY: -4731.38769531
SEQUENCE: A C U G G U ENTROPY: -2.58504281846378641494976377743144353234886566803153795249215 ENERGY: -4818.55908203
SEQUENCE: C U G G U U ENTROPY: -3.05043241896399604329434241275761326231324320580649146512813 ENERGY: -4670.5390625
SEQUENCE: U C U G G U ENTROPY: -2.3102177091368679208715218165059659501415778843875503314925 ENERGY: -4744.80664062
SEQUENCE: C U G G U C ENTROPY: -2.92755717711440781503015608244883645332936171165358391090195 ENERGY: -5120.8359375
SEQUENCE: C C U G G U ENTROPY: -2.58185844264240885061064072056099215828865802491584143489965 ENERGY: -5161.32470703
SEQUENCE: C U G G U A G ENTROPY: -1.87646017168685082338545032245714918493224817785491003530437 ENERGY: -5775.43505859
SEQUENCE: G C U G G U A ENTROPY: -2.3931141963585701248959825191578506506294022646955986618822 ENERGY: -5794.23779297
SEQUENCE: C U G G U A A ENTROPY: -1.91103481283838163802696884921226983466065567505259969804308 ENERGY: -5570.12890625
SEQUENCE: A C U G G U A ENTROPY: -2.71926493611667532331905909233490390234598414205797169301453 ENERGY: -5545.45556641
SEQUENCE: C U G G U A U ENTROPY: -2.93116739622395044081038980912680533039171423512519540343429 ENERGY: -5483.73486328
SEQUENCE: U C U G G U A ENTROPY: -2.49343141453681102460116907386659946379209934731523910084283 ENERGY: -5490.76904297
SEQUENCE: C U G G U A C ENTROPY: -2.09918062981200906188473309461893392341808166536925665375345 ENERGY: -5906.76123047
SEQUENCE: C C U G G U A ENTROPY: -2.19338122957062933859352123867031664017941555552118160099635 ENERGY: -5866.83056641
SEQUENCE: C U G G U A U G ENTROPY: -3.37774093284126923324228895499818974561933579259995971012263 ENERGY: -6490.93066406
SEQUENCE: G C U G G U A U ENTROPY: -1.60390271905058131311805779811745801910460215436958574756888 ENERGY: -6535.16894531
SEQUENCE: C U G G U A U A ENTROPY: -3.55865944749878979458145831318406602321279881037073591236333 ENERGY: -1312.0748291
SEQUENCE: A C U G G U A U ENTROPY: -1.86454763385259288083352166733841552374168952782843628021334 ENERGY: -6305.64257812
SEQUENCE: C U G G U A U U ENTROPY: -3.02079507086351483242939287857143602207780531053039141645738 ENERGY: -6154.10986328
SEQUENCE: U C U G G U A U ENTROPY: -1.86855885795262428583022782284162537057704230434311120712393 ENERGY: -6240.95605469
SEQUENCE: C U G G U A U C ENTROPY: -2.82903924663837218432862058526074451690480505743656321478875 ENERGY: -6607.28417969
SEQUENCE: C C U G G U A U ENTROPY: -1.86690109644176674865536718103398082686159694194819202393927 ENERGY: -6666.44726562
SEQUENCE: C U G G U A U A G ENTROPY: -2.26300802908472492367406805111397992030160816149726142117939 ENERGY: -7254.14941406
SEQUENCE: G C U G G U A U A ENTROPY: -2.12112809951304143550056042294029783013019310845650101888867 ENERGY: -7293.01806641
SEQUENCE: C U G G U A U A A ENTROPY: -2.00661392126557841724523524969375676265972339383234154022323 ENERGY: -7069.39355469
SEQUENCE: A C U G G U A U A ENTROPY: -2.09220941542236044434619454129407983462562122615719429334756 ENERGY: -7083.51953125
SEQUENCE: C U G G U A U A U ENTROPY: -2.28099111032935989607516077720071990146136137333574171074686 ENERGY: -6992.56054688
SEQUENCE: U C U G G U A U A ENTROPY: -2.23697985139354784758746220372367086104022207960215418701954 ENERGY: -7011.42431641
SEQUENCE: C U G G U A U A C ENTROPY: -2.07944133126025279601115076905830665042810457411254177783264 ENERGY: -7357.17675781
SEQUENCE: C C U G G U A U A ENTROPY: -2.28070025493193950911864057545470428502958118637689786111447 ENERGY: -7420.12646484
SEQUENCE: C U G G U A U A U G ENTROPY: -3.42215468550715041126531289589291244800603184101635434373834 ENERGY: -8020.48925781
SEQUENCE: G C U G G U A U A U ENTROPY: -1.44571220702312131772491335621758699261702774118619278133144 ENERGY: -8013.10888672
SEQUENCE: C U G G U A U A U A ENTROPY: -2.73227009120232471219754438413539442192192030813630285091577 ENERGY: -7796.15185547
SEQUENCE: A C U G G U A U A U ENTROPY: -1.34125045341283213671187026337681484673267492764544660242948 ENERGY: -7794.4609375
SEQUENCE: C U G G U A U A U U ENTROPY: -2.45158403188035804277284049437196288476361239694733856509206 ENERGY: -7674.65869141
SEQUENCE: U C U G G U A U A U ENTROPY: -1.55478658216704030895408351868118567573799460864909757111137 ENERGY: -7749.09667969
SEQUENCE: C U G G U A U A U C ENTROPY: -2.45095963716921481293940408433093137789457750782041325470402 ENERGY: -8081.30810547
SEQUENCE: C C U G G U A U A U ENTROPY: -1.89984244287157091589910754361708670638775595496929515472048 ENERGY: -8170.92041016
SEQUENCE: C U G G U A U A U G G ENTROPY: -3.05288846655658403333021697807774766081805529368295462133483 ENERGY: -8907.3359375
SEQUENCE: G C U G G U A U A U G ENTROPY: -2.33371657551620702474116290203374326254380290245955767835578 ENERGY: -9053.8515625
SEQUENCE: C U G G U A U A U G A ENTROPY: -4.42118859087701411538056877651364528690431252807841651894043 ENERGY: -8830.42382812
SEQUENCE: A C U G G U A U A U G ENTROPY: -2.90456488285055563158680833597377915618285344767624163892941 ENERGY: -8840.16992188
SEQUENCE: C U G G U A U A U G U ENTROPY: -3.93896788674367179304102484993578184134840890485653939045758 ENERGY: -8667.07421875
SEQUENCE: U C U G G U A U A U G ENTROPY: -2.34122912339567315926633965746305040084500211627201364825724 ENERGY: -8755.10449219
SEQUENCE: C U G G U A U A U G C ENTROPY: -3.54829867453029028687062427701345082343768789430822196539426 ENERGY: -9113.1796875
SEQUENCE: C C U G G U A U A U G ENTROPY: -2.5241338569794005438070400217320361106394523031415253200016 ENERGY: -9129.80078125
SEQUENCE: C U G G U A U A U G A G ENTROPY: -2.92044095818130616862497033759407872428466742855677889509473 ENERGY: -9804.46484375
SEQUENCE: G C U G G U A U A U G A ENTROPY: -1.4313691232485984816290067036013597089790867814584295458016 ENERGY: -9897.02148438
SEQUENCE: C U G G U A U A U G A A ENTROPY: -3.23002262407846538371945777462826852296562818237305899087194 ENERGY: -9497.32128906
SEQUENCE: A C U G G U A U A U G A ENTROPY: -1.6955605684579904451798045927996322118043239768482151841728 ENERGY: -9708.53613281
SEQUENCE: C U G G U A U A U G A U ENTROPY: -3.13459317927691816006632165440432166356900833750043947364131 ENERGY: -9492.30566406
SEQUENCE: U C U G G U A U A U G A ENTROPY: -1.57771385739228016241545689201599175214861944443762199712187 ENERGY: -9621.95996094
SEQUENCE: C U G G U A U A U G A C ENTROPY: -3.51660274903667434132365894777743213739201672313046457412642 ENERGY: -9983.48535156
SEQUENCE: C C U G G U A U A U G A ENTROPY: -1.54387652610408290839025905083701701779728881054315875474326 ENERGY: -10049.4121094
SEQUENCE: C U G G U A U A U G A C G ENTROPY: -2.08375302309060826469084116874161035201201260621653017357331 ENERGY: -10943.640625
SEQUENCE: G C U G G U A U A U G A C ENTROPY: -1.3184225145025014468973169814594560340453768516980710090994 ENERGY: -10988.5380859
SEQUENCE: C U G G U A U A U G A C A ENTROPY: -2.50402122257292826332515578222194352350359318308689722513693 ENERGY: -10715.2236328
SEQUENCE: A C U G G U A U A U G A C ENTROPY: -1.42788723617370372566943151706355234841367676053877104354544 ENERGY: -10666.7792969
SEQUENCE: C U G G U A U A U G A C U ENTROPY: -2.66345569717534815888068173258381596372922437970877908924022 ENERGY: -10613.9912109
SEQUENCE: U C U G G U A U A U G A C ENTROPY: -1.5537798658493541057977499179732748542354154695875293251575 ENERGY: -10722.9648438
SEQUENCE: C U G G U A U A U G A C C ENTROPY: -2.57875810219076587347741781518018615841684124852477200209078 ENERGY: -11079.453125
SEQUENCE: C C U G G U A U A U G A C ENTROPY: -1.74691265926439706794921239295259584048226362708238338216141 ENERGY: -11170.7304688
SEQUENCE: C U G G U A U A U G A C U G ENTROPY: -3.06717445663212460853964199794270357248470806957518459880647 ENERGY: -11601.90625
SEQUENCE: G C U G G U A U A U G A C U ENTROPY: -2.18855523223437256045927148022523501300068484476509058997224 ENERGY: -11619.9453125
SEQUENCE: C U G G U A U A U G A C U A ENTROPY: -3.18146728051704349177189549549867525852441397828285672994682 ENERGY: -11398.0488281
SEQUENCE: A C U G G U A U A U G A C U ENTROPY: -1.38388604391330662931063360541848926100279005371055782086059 ENERGY: -11475.3955078
SEQUENCE: C U G G U A U A U G A C U U ENTROPY: -3.00463757177539166795245774368519472680344208663293175815357 ENERGY: -11317.6220703
SEQUENCE: U C U G G U A U A U G A C U ENTROPY: -1.56035813191472443733880710095533388598214720146574962874397 ENERGY: -11393.9355469
SEQUENCE: C U G G U A U A U G A C U C ENTROPY: -4.41656878608283531258483752358275601951993945153799741604626 ENERGY: -11734.796875
SEQUENCE: C C U G G U A U A U G A C U ENTROPY: -1.97914304979548142500106196112887472266831931485534239033582 ENERGY: -11720.6191406
SEQUENCE: C U G G U A U A U G A C U C G ENTROPY: -3.91756997032300780240084098084115696199297622187412398309851 ENERGY: -12769.0996094
SEQUENCE: G C U G G U A U A U G A C U C ENTROPY: -1.08427129647421523454530089496033650681124530582177373752917 ENERGY: -12661.9355469
SEQUENCE: C U G G U A U A U G A C U C A ENTROPY: -2.32214070123682621293385873122116377553174836249230444725083 ENERGY: -12478.1982422
SEQUENCE: A C U G G U A U A U G A C U C ENTROPY: -1.15613603703437783010104814552351962331160649311031550434852 ENERGY: -12536.2255859
SEQUENCE: C U G G U A U A U G A C U C U ENTROPY: -3.10868587724811349879997148262403446087871212643157569757825 ENERGY: -12363.7089844
SEQUENCE: U C U G G U A U A U G A C U C ENTROPY: -1.52311515739944690941468935277341326943309619226479324052281 ENERGY: -12481.9785156
SEQUENCE: C U G G U A U A U G A C U C C ENTROPY: -2.88331889681464720055768666529371022464275101743359683743486 ENERGY: -12882.8085938
SEQUENCE: C C U G G U A U A U G A C U C ENTROPY: -1.48945789284040009052896730647272118488756274340328334526703 ENERGY: -12913.7294922
SEQUENCE: C U G G U A U A U G A C U C G G ENTROPY: -1.92267947316538193656008307599393509489454648939935888771817 ENERGY: -13695.1816406
SEQUENCE: G C U G G U A U A U G A C U C G ENTROPY: -1.5433980789826577212399078668717238273021918376365631555048 ENERGY: -13751.5957031
SEQUENCE: C U G G U A U A U G A C U C G A ENTROPY: -3.42779940858645758114386152952635859300202614587335676477238 ENERGY: -13561.2851562
SEQUENCE: A C U G G U A U A U G A C U C G ENTROPY: -1.77235475200523076533213204516328696617708512896000682673559 ENERGY: -13555.3564453
SEQUENCE: C U G G U A U A U G A C U C G U ENTROPY: -2.51617616729605391897086037232484802699236834675253669261518 ENERGY: -13414.4199219
SEQUENCE: U C U G G U A U A U G A C U C G ENTROPY: -1.66981999761780248682022410304106907022537228540219698918121 ENERGY: -13545.0117188
SEQUENCE: C U G G U A U A U G A C U C G C ENTROPY: -2.6837630814227352386728059560519684156952354863560665210132 ENERGY: -13873.5263672
SEQUENCE: C C U G G U A U A U G A C U C G ENTROPY: -1.73960934156281427695920829642546184018761437543411492644278 ENERGY: -13927.5947266
SEQUENCE: C U G G U A U A U G A C U C G A G ENTROPY: -2.66895315968795654130496973763918574686657528916658920735695 ENERGY: -14575.6425781
SEQUENCE: G C U G G U A U A U G A C U C G A ENTROPY: -1.72790310175008356769939897333418856179309095796884837080742 ENERGY: -14496.5185547
SEQUENCE: C U G G U A U A U G A C U C G A A ENTROPY: -1.73999720711249112794025013825277817933915664400726567223562 ENERGY: -14303.5605469
SEQUENCE: A C U G G U A U A U G A C U C G A ENTROPY: -1.46489531138518368866373702703935724923759028690269180845629 ENERGY: -14378.3496094
SEQUENCE: C U G G U A U A U G A C U C G A U ENTROPY: -2.56263436364153194121185648591045640320465739112349251552622 ENERGY: -14251.5751953
SEQUENCE: U C U G G U A U A U G A C U C G A ENTROPY: -1.78083161014730582602003767506148635921351553696770828916833 ENERGY: -14305.4511719
SEQUENCE: C U G G U A U A U G A C U C G A C ENTROPY: -2.40014144454387089568920717381124065134650328223580231377583 ENERGY: -14667.3320312
SEQUENCE: C C U G G U A U A U G A C U C G A ENTROPY: -1.34455424296648804250959827415913392575470039114898920971138 ENERGY: -14681.9453125
SEQUENCE: C U G G U A U A U G A C U C G A G G ENTROPY: -1.94721479966744354735153600379913827328365947509581247742556 ENERGY: -15584.2558594
SEQUENCE: G C U G G U A U A U G A C U C G A G ENTROPY: -1.40129587353569549335659736717908498205181354070914653993509 ENERGY: -15521.5683594
SEQUENCE: C U G G U A U A U G A C U C G A G A ENTROPY: -2.4621211611343320502245583109322813109898946875622969695554 ENERGY: -15401.4072266
SEQUENCE: A C U G G U A U A U G A C U C G A G ENTROPY: -1.35610534110283961851393315382319629135837444116118684071026 ENERGY: -15323.9863281
SEQUENCE: C U G G U A U A U G A C U C G A G U ENTROPY: -2.87447765098182974071299274619671946085732973344945628227337 ENERGY: -15355.3134766
SEQUENCE: U C U G G U A U A U G A C U C G A G ENTROPY: -1.26322256615101383360922404684170554306403346172171039090894 ENERGY: -15300.3125
SEQUENCE: C U G G U A U A U G A C U C G A G C ENTROPY: -1.51125480396283166739141880654940756016256787491022960346316 ENERGY: -15674.4902344
SEQUENCE: C C U G G U A U A U G A C U C G A G ENTROPY: -1.51703235576714690476887897928416697293920696966402864709073 ENERGY: -15657.2714844
SEQUENCE: C U G G U A U A U G A C U C G A G U G ENTROPY: -2.41852159787914785008963754873222384884117961455096674465243 ENERGY: -16349.671875
SEQUENCE: G C U G G U A U A U G A C U C G A G U ENTROPY: -2.07565805595896970391468645796425262474167551781339703160785 ENERGY: -16302.3398438
SEQUENCE: C U G G U A U A U G A C U C G A G U A ENTROPY: -2.6910445804638381800956140631402610672394850160066274651532 ENERGY: -16126.9111328
SEQUENCE: A C U G G U A U A U G A C U C G A G U ENTROPY: -1.40191632807622237991672135836924456124740984410538309479448 ENERGY: -16171.5546875
SEQUENCE: C U G G U A U A U G A C U C G A G U U ENTROPY: -2.40287196467542377800488843805701890879501041002974881881544 ENERGY: -16045.0410156
SEQUENCE: U C U G G U A U A U G A C U C G A G U ENTROPY: -1.62531004393688612621427076274773418879046375021267850374574 ENERGY: -16056.5839844
SEQUENCE: C U G G U A U A U G A C U C G A G U C ENTROPY: -2.0749107855724920219402642137600713376124390021840171778939 ENERGY: -16469.5722656
SEQUENCE: C C U G G U A U A U G A C U C G A G U ENTROPY: -1.55752168058606860823346390972321701447187113229338460636833 ENERGY: -16481.9921875
SEQUENCE: C U G G U A U A U G A C U C G A G U A G ENTROPY: -2.53704063297093278930961533112328315810948792750863824987066 ENERGY: -16928.2382812
SEQUENCE: G C U G G U A U A U G A C U C G A G U A ENTROPY: -1.42616240526568562024692651522017770076933421796287080717422 ENERGY: -17110.4746094
SEQUENCE: C U G G U A U A U G A C U C G A G U A A ENTROPY: -2.79721462929247249132855597756546419597932363351945818142106 ENERGY: -16923.7382812
SEQUENCE: A C U G G U A U A U G A C U C G A G U A ENTROPY: -1.39324470941674664787628569053650475901015402364934331872337 ENERGY: -16946.15625
SEQUENCE: C U G G U A U A U G A C U C G A G U A U ENTROPY: -0.907698340195672474291344715837916017387499172465032751668561 ENERGY: -16702.0859375
SEQUENCE: U C U G G U A U A U G A C U C G A G U A ENTROPY: -2.06867261238519268797051630772790621956578315774128721877382 ENERGY: -16794.3085938
SEQUENCE: C U G G U A U A U G A C U C G A G U A C ENTROPY: -2.90512772769621250969892022857834608406431444262061148606537 ENERGY: -17145.796875
SEQUENCE: C C U G G U A U A U G A C U C G A G U A ENTROPY: -1.61881889566637378237278701800855213472303504990274907460775 ENERGY: -17284.1933594
SEQUENCE: C U G G U A U A U G A C U C G A G U A C G ENTROPY: -2.62619888967832013743661658262818737093279019794722070508115 ENERGY: -18173.3632812
SEQUENCE: G C U G G U A U A U G A C U C G A G U A C ENTROPY: -1.57810112846758160044925274540881408198138479435855416114925 ENERGY: -18212.8808594
SEQUENCE: C U G G U A U A U G A C U C G A G U A C A ENTROPY: -3.15080462587605280041549898466345476662387730661282057032968 ENERGY: -17939.9609375
SEQUENCE: A C U G G U A U A U G A C U C G A G U A C ENTROPY: -1.37832792152551933632514079170767114797311980637754294429169 ENERGY: -17982.4023438
SEQUENCE: C U G G U A U A U G A C U C G A G U A C U ENTROPY: -3.4512235796752680017351613847905505761790557076398437232847 ENERGY: -17898.6601562
SEQUENCE: U C U G G U A U A U G A C U C G A G U A C ENTROPY: -1.5523284204355593788956368073188049929726502735810473514984 ENERGY: -17923.6601562
SEQUENCE: C U G G U A U A U G A C U C G A G U A C C ENTROPY: -3.50688886797625144707783474365059281889807106525178917223912 ENERGY: -18301.1914062
SEQUENCE: C C U G G U A U A U G A C U C G A G U A C ENTROPY: -2.30654877704443741649890804530739092916738072427360069761839 ENERGY: -18254.0039062
SEQUENCE: C U G G U A U A U G A C U C G A G U A C C G ENTROPY: -1.86346063054336971057791836109432990960099133111160546843875 ENERGY: -19326.8574219
SEQUENCE: G C U G G U A U A U G A C U C G A G U A C C ENTROPY: -1.04881943193663435092263925276572926466123795559822572216324 ENERGY: -19263.3496094
SEQUENCE: C U G G U A U A U G A C U C G A G U A C C A ENTROPY: -3.11255586520849456048565235043005050536192161755184885682215 ENERGY: -19067.3457031
SEQUENCE: A C U G G U A U A U G A C U C G A G U A C C ENTROPY: -1.08654973165669828746586805103115956189985414777376130072806 ENERGY: -19109.8710938
SEQUENCE: C U G G U A U A U G A C U C G A G U A C C U ENTROPY: -2.06075036326899780455059208853006614673201192249459543568583 ENERGY: -19050.1171875
SEQUENCE: U C U G G U A U A U G A C U C G A G U A C C ENTROPY: -1.65182485683360374105474047148060396133130082602083389147165 ENERGY: -18978.4433594
SEQUENCE: C U G G U A U A U G A C U C G A G U A C C C ENTROPY: -3.21720742965943158309642769870957873681064975518558431639849 ENERGY: -19405.2226562
SEQUENCE: C C U G G U A U A U G A C U C G A G U A C C ENTROPY: -1.3003565845440386986681187619583594377886988612702875733568 ENERGY: -19496.5761719
SEQUENCE: C U G G U A U A U G A C U C G A G U A C C C G ENTROPY: -3.71283685304594951825424367828177733656920054717101213744367 ENERGY: -20421.109375
SEQUENCE: G C U G G U A U A U G A C U C G A G U A C C C ENTROPY: -1.3658603181709550004458353096792498777601563821730140629945 ENERGY: -20364.4316406
SEQUENCE: C U G G U A U A U G A C U C G A G U A C C C A ENTROPY: -3.59813784873207441399103410834518684225887639836797795250398 ENERGY: -20227.2285156
SEQUENCE: A C U G G U A U A U G A C U C G A G U A C C C ENTROPY: -1.39435652763430789687342021679186737283287256852976861852109 ENERGY: -20175.796875
SEQUENCE: C U G G U A U A U G A C U C G A G U A C C C U ENTROPY: -4.01805083510980062540063860972645802533093140447639740469434 ENERGY: -20105.4648438
SEQUENCE: U C U G G U A U A U G A C U C G A G U A C C C ENTROPY: -2.04170602669655387502800919951770134859814142583644617104698 ENERGY: -20070.6640625
SEQUENCE: C U G G U A U A U G A C U C G A G U A C C C C ENTROPY: -3.11842863642762225343266999068460359283999987710438587058661 ENERGY: -20538.7773438
SEQUENCE: C C U G G U A U A U G A C U C G A G U A C C C ENTROPY: -1.45989232157977775840948083115035877065079566430476147697909 ENERGY: -20519.0390625
SEQUENCE: C U G G U A U A U G A C U C G A G U A C C C U G ENTROPY: -3.13192957255349643043416138513006541587557017068300019042648 ENERGY: -21133.3144531
SEQUENCE: G C U G G U A U A U G A C U C G A G U A C C C U ENTROPY: -1.91208119125866489400976878277044685255912197727194008209558 ENERGY: -21035.1875
SEQUENCE: C U G G U A U A U G A C U C G A G U A C C C U A ENTROPY: -2.79924200933361580796700251070618608418217997802418609160584 ENERGY: -20867.8632812
SEQUENCE: A C U G G U A U A U G A C U C G A G U A C C C U ENTROPY: -1.14895737743335155634975051573015833236246809425596361326647 ENERGY: -20941.3496094
SEQUENCE: C U G G U A U A U G A C U C G A G U A C C C U U ENTROPY: -2.1409344445982363908085290865496539031316796798699206062045 ENERGY: -20774.3183594
SEQUENCE: U C U G G U A U A U G A C U C G A G U A C C C U ENTROPY: -2.27704232586628534931553456794603021927189675608707524530816 ENERGY: -20910.75
SEQUENCE: C U G G U A U A U G A C U C G A G U A C C C U C ENTROPY: -2.51685763390631646340276296263175751672684761160046529468852 ENERGY: -21158.8378906
SEQUENCE: C C U G G U A U A U G A C U C G A G U A C C C U ENTROPY: -1.5405525401291022592003939671401117156561282328446959463456 ENERGY: -21269.8515625
SEQUENCE: C U G G U A U A U G A C U C G A G U A C C C U G G ENTROPY: -3.961079085689286095906905573959